<<<<<<< HEAD
﻿生成启动时间为 2015/9/3 16:26:00。
     1>项目“F:\Google\Jams\Old_Magician\Old_Magician\Old_Magician.vcxproj”在节点 2 上(Build 个目标)。
     1>InitializeBuildStatus:
         正在创建“Debug\Old_Magician.unsuccessfulbuild”，因为已指定“AlwaysCreate”。
       ClCompile:
         C:\Program Files (x86)\Microsoft Visual Studio 11.0\VC\bin\CL.exe /c /ZI /nologo /W3 /WX- /Od /Oy- /D WIN32 /D _DEBUG /D _CONSOLE /D _UNICODE /D UNICODE /Gm /EHsc /RTC1 /MDd /GS /fp:precise /Zc:wchar_t /Zc:forScope /Fo"Debug\\" /Fd"Debug\vc110.pdb" /Gd /TP /analyze- /errorReport:prompt main.cpp
         main.cpp
     1>f:\google\jams\old_magician\old_magician\main.cpp(8): warning C4996: 'fopen': This function or variable may be unsafe. Consider using fopen_s instead. To disable deprecation, use _CRT_SECURE_NO_WARNINGS. See online help for details.
                 c:\program files (x86)\microsoft visual studio 11.0\vc\include\stdio.h(218) : 参见“fopen”的声明
     1>f:\google\jams\old_magician\old_magician\main.cpp(9): warning C4996: 'fopen': This function or variable may be unsafe. Consider using fopen_s instead. To disable deprecation, use _CRT_SECURE_NO_WARNINGS. See online help for details.
                 c:\program files (x86)\microsoft visual studio 11.0\vc\include\stdio.h(218) : 参见“fopen”的声明
     1>f:\google\jams\old_magician\old_magician\main.cpp(17): warning C4996: 'fscanf': This function or variable may be unsafe. Consider using fscanf_s instead. To disable deprecation, use _CRT_SECURE_NO_WARNINGS. See online help for details.
                 c:\program files (x86)\microsoft visual studio 11.0\vc\include\stdio.h(237) : 参见“fscanf”的声明
     1>f:\google\jams\old_magician\old_magician\main.cpp(22): warning C4996: 'fscanf': This function or variable may be unsafe. Consider using fscanf_s instead. To disable deprecation, use _CRT_SECURE_NO_WARNINGS. See online help for details.
                 c:\program files (x86)\microsoft visual studio 11.0\vc\include\stdio.h(237) : 参见“fscanf”的声明
       Link:
         C:\Program Files (x86)\Microsoft Visual Studio 11.0\VC\bin\link.exe /ERRORREPORT:PROMPT /OUT:"F:\Google\Jams\Old_Magician\Debug\Old_Magician.exe" /INCREMENTAL /NOLOGO kernel32.lib user32.lib gdi32.lib winspool.lib comdlg32.lib advapi32.lib shell32.lib ole32.lib oleaut32.lib uuid.lib odbc32.lib odbccp32.lib /MANIFEST /MANIFESTUAC:"level='asInvoker' uiAccess='false'" /manifest:embed /DEBUG /PDB:"F:\Google\Jams\Old_Magician\Debug\Old_Magician.pdb" /SUBSYSTEM:CONSOLE /TLBID:1 /DYNAMICBASE /NXCOMPAT /IMPLIB:"F:\Google\Jams\Old_Magician\Debug\Old_Magician.lib" /MACHINE:X86 Debug\main.obj
         Old_Magician.vcxproj -> F:\Google\Jams\Old_Magician\Debug\Old_Magician.exe
       FinalizeBuildStatus:
         正在删除文件“Debug\Old_Magician.unsuccessfulbuild”。
         正在对“Debug\Old_Magician.lastbuildstate”执行 Touch 任务。
     1>已完成生成项目“F:\Google\Jams\Old_Magician\Old_Magician\Old_Magician.vcxproj”(Build 个目标)的操作。

生成成功。

已用时间 00:00:01.96
=======
﻿生成启动时间为 2015/9/3 16:26:00。
     1>项目“F:\Google\Jams\Old_Magician\Old_Magician\Old_Magician.vcxproj”在节点 2 上(Build 个目标)。
     1>InitializeBuildStatus:
         正在创建“Debug\Old_Magician.unsuccessfulbuild”，因为已指定“AlwaysCreate”。
       ClCompile:
         C:\Program Files (x86)\Microsoft Visual Studio 11.0\VC\bin\CL.exe /c /ZI /nologo /W3 /WX- /Od /Oy- /D WIN32 /D _DEBUG /D _CONSOLE /D _UNICODE /D UNICODE /Gm /EHsc /RTC1 /MDd /GS /fp:precise /Zc:wchar_t /Zc:forScope /Fo"Debug\\" /Fd"Debug\vc110.pdb" /Gd /TP /analyze- /errorReport:prompt main.cpp
         main.cpp
     1>f:\google\jams\old_magician\old_magician\main.cpp(8): warning C4996: 'fopen': This function or variable may be unsafe. Consider using fopen_s instead. To disable deprecation, use _CRT_SECURE_NO_WARNINGS. See online help for details.
                 c:\program files (x86)\microsoft visual studio 11.0\vc\include\stdio.h(218) : 参见“fopen”的声明
     1>f:\google\jams\old_magician\old_magician\main.cpp(9): warning C4996: 'fopen': This function or variable may be unsafe. Consider using fopen_s instead. To disable deprecation, use _CRT_SECURE_NO_WARNINGS. See online help for details.
                 c:\program files (x86)\microsoft visual studio 11.0\vc\include\stdio.h(218) : 参见“fopen”的声明
     1>f:\google\jams\old_magician\old_magician\main.cpp(17): warning C4996: 'fscanf': This function or variable may be unsafe. Consider using fscanf_s instead. To disable deprecation, use _CRT_SECURE_NO_WARNINGS. See online help for details.
                 c:\program files (x86)\microsoft visual studio 11.0\vc\include\stdio.h(237) : 参见“fscanf”的声明
     1>f:\google\jams\old_magician\old_magician\main.cpp(22): warning C4996: 'fscanf': This function or variable may be unsafe. Consider using fscanf_s instead. To disable deprecation, use _CRT_SECURE_NO_WARNINGS. See online help for details.
                 c:\program files (x86)\microsoft visual studio 11.0\vc\include\stdio.h(237) : 参见“fscanf”的声明
       Link:
         C:\Program Files (x86)\Microsoft Visual Studio 11.0\VC\bin\link.exe /ERRORREPORT:PROMPT /OUT:"F:\Google\Jams\Old_Magician\Debug\Old_Magician.exe" /INCREMENTAL /NOLOGO kernel32.lib user32.lib gdi32.lib winspool.lib comdlg32.lib advapi32.lib shell32.lib ole32.lib oleaut32.lib uuid.lib odbc32.lib odbccp32.lib /MANIFEST /MANIFESTUAC:"level='asInvoker' uiAccess='false'" /manifest:embed /DEBUG /PDB:"F:\Google\Jams\Old_Magician\Debug\Old_Magician.pdb" /SUBSYSTEM:CONSOLE /TLBID:1 /DYNAMICBASE /NXCOMPAT /IMPLIB:"F:\Google\Jams\Old_Magician\Debug\Old_Magician.lib" /MACHINE:X86 Debug\main.obj
         Old_Magician.vcxproj -> F:\Google\Jams\Old_Magician\Debug\Old_Magician.exe
       FinalizeBuildStatus:
         正在删除文件“Debug\Old_Magician.unsuccessfulbuild”。
         正在对“Debug\Old_Magician.lastbuildstate”执行 Touch 任务。
     1>已完成生成项目“F:\Google\Jams\Old_Magician\Old_Magician\Old_Magician.vcxproj”(Build 个目标)的操作。

生成成功。

已用时间 00:00:01.96
>>>>>>> 194f7f9854ba2b4239e312aded309268c3e9d1d4
