生成启动时间为 2016/4/10 11:36:18。
     1>项目“F:\Google\Jams\Jams2016\Jams2016\Jams2016.vcxproj”在节点 2 上(Build 个目标)。
     1>InitializeBuildStatus:
         正在创建“Debug\Jams2016.unsuccessfulbuild”，因为已指定“AlwaysCreate”。
       ClCompile:
         C:\Program Files (x86)\Microsoft Visual Studio 11.0\VC\bin\CL.exe /c /ZI /nologo /W3 /WX- /Od /Oy- /D WIN32 /D _DEBUG /D _CONSOLE /D _UNICODE /D UNICODE /Gm /EHsc /RTC1 /MDd /GS /fp:precise /Zc:wchar_t /Zc:forScope /Fo"Debug\\" /Fd"Debug\vc110.pdb" /Gd /TP /analyze- /errorReport:prompt PC.cpp
         PC.cpp
     1>f:\google\jams\jams2016\jams2016\pc.cpp(58): warning C4244: “初始化”: 从“double”转换到“__int64”，可能丢失数据
       Link:
         C:\Program Files (x86)\Microsoft Visual Studio 11.0\VC\bin\link.exe /ERRORREPORT:PROMPT /OUT:"F:\Google\Jams\Jams2016\Debug\Jams2016.exe" /INCREMENTAL /NOLOGO kernel32.lib user32.lib gdi32.lib winspool.lib comdlg32.lib advapi32.lib shell32.lib ole32.lib oleaut32.lib uuid.lib odbc32.lib odbccp32.lib /MANIFEST /MANIFESTUAC:"level='asInvoker' uiAccess='false'" /manifest:embed /DEBUG /PDB:"F:\Google\Jams\Jams2016\Debug\Jams2016.pdb" /SUBSYSTEM:CONSOLE /TLBID:1 /DYNAMICBASE /NXCOMPAT /IMPLIB:"F:\Google\Jams\Jams2016\Debug\Jams2016.lib" /MACHINE:X86 Debug\main.obj
         Debug\PA.obj
         Debug\PB.obj
         Debug\PC.obj
         Debug\PD.obj
         Jams2016.vcxproj -> F:\Google\Jams\Jams2016\Debug\Jams2016.exe
       FinalizeBuildStatus:
         正在删除文件“Debug\Jams2016.unsuccessfulbuild”。
         正在对“Debug\Jams2016.lastbuildstate”执行 Touch 任务。
     1>已完成生成项目“F:\Google\Jams\Jams2016\Jams2016\Jams2016.vcxproj”(Build 个目标)的操作。

生成成功。

已用时间 00:00:02.19
