<<<<<<< HEAD
﻿生成启动时间为 2015/10/7 20:51:10。
     1>项目“F:\Google\Jams\Code Jam Beta 2008\Random Route\Random Route\Random Route.vcxproj”在节点 2 上(Build 个目标)。
     1>InitializeBuildStatus:
         正在创建“Debug\Random Route.unsuccessfulbuild”，因为已指定“AlwaysCreate”。
       ClCompile:
         C:\Program Files (x86)\Microsoft Visual Studio 11.0\VC\bin\CL.exe /c /ZI /nologo /W3 /WX- /Od /Oy- /D WIN32 /D _DEBUG /D _CONSOLE /D _UNICODE /D UNICODE /Gm /EHsc /RTC1 /MDd /GS /fp:precise /Zc:wchar_t /Zc:forScope /Fo"Debug\\" /Fd"Debug\vc110.pdb" /Gd /TP /analyze- /errorReport:prompt main.cpp
         main.cpp
     1>f:\google\jams\code jam beta 2008\random route\random route\main.cpp(105): warning C4996: 'freopen': This function or variable may be unsafe. Consider using freopen_s instead. To disable deprecation, use _CRT_SECURE_NO_WARNINGS. See online help for details.
                 c:\program files (x86)\microsoft visual studio 11.0\vc\include\stdio.h(233) : 参见“freopen”的声明
       Link:
         C:\Program Files (x86)\Microsoft Visual Studio 11.0\VC\bin\link.exe /ERRORREPORT:PROMPT /OUT:"F:\Google\Jams\Code Jam Beta 2008\Random Route\Debug\Random Route.exe" /INCREMENTAL /NOLOGO kernel32.lib user32.lib gdi32.lib winspool.lib comdlg32.lib advapi32.lib shell32.lib ole32.lib oleaut32.lib uuid.lib odbc32.lib odbccp32.lib /MANIFEST /MANIFESTUAC:"level='asInvoker' uiAccess='false'" /manifest:embed /DEBUG /PDB:"F:\Google\Jams\Code Jam Beta 2008\Random Route\Debug\Random Route.pdb" /SUBSYSTEM:CONSOLE /TLBID:1 /DYNAMICBASE /NXCOMPAT /IMPLIB:"F:\Google\Jams\Code Jam Beta 2008\Random Route\Debug\Random Route.lib" /MACHINE:X86 Debug\main.obj
         Debug\malcin.obj
         Random Route.vcxproj -> F:\Google\Jams\Code Jam Beta 2008\Random Route\Debug\Random Route.exe
       FinalizeBuildStatus:
         正在删除文件“Debug\Random Route.unsuccessfulbuild”。
         正在对“Debug\Random Route.lastbuildstate”执行 Touch 任务。
     1>已完成生成项目“F:\Google\Jams\Code Jam Beta 2008\Random Route\Random Route\Random Route.vcxproj”(Build 个目标)的操作。

生成成功。

已用时间 00:00:02.91
=======
﻿生成启动时间为 2015/10/7 20:51:10。
     1>项目“F:\Google\Jams\Code Jam Beta 2008\Random Route\Random Route\Random Route.vcxproj”在节点 2 上(Build 个目标)。
     1>InitializeBuildStatus:
         正在创建“Debug\Random Route.unsuccessfulbuild”，因为已指定“AlwaysCreate”。
       ClCompile:
         C:\Program Files (x86)\Microsoft Visual Studio 11.0\VC\bin\CL.exe /c /ZI /nologo /W3 /WX- /Od /Oy- /D WIN32 /D _DEBUG /D _CONSOLE /D _UNICODE /D UNICODE /Gm /EHsc /RTC1 /MDd /GS /fp:precise /Zc:wchar_t /Zc:forScope /Fo"Debug\\" /Fd"Debug\vc110.pdb" /Gd /TP /analyze- /errorReport:prompt main.cpp
         main.cpp
     1>f:\google\jams\code jam beta 2008\random route\random route\main.cpp(105): warning C4996: 'freopen': This function or variable may be unsafe. Consider using freopen_s instead. To disable deprecation, use _CRT_SECURE_NO_WARNINGS. See online help for details.
                 c:\program files (x86)\microsoft visual studio 11.0\vc\include\stdio.h(233) : 参见“freopen”的声明
       Link:
         C:\Program Files (x86)\Microsoft Visual Studio 11.0\VC\bin\link.exe /ERRORREPORT:PROMPT /OUT:"F:\Google\Jams\Code Jam Beta 2008\Random Route\Debug\Random Route.exe" /INCREMENTAL /NOLOGO kernel32.lib user32.lib gdi32.lib winspool.lib comdlg32.lib advapi32.lib shell32.lib ole32.lib oleaut32.lib uuid.lib odbc32.lib odbccp32.lib /MANIFEST /MANIFESTUAC:"level='asInvoker' uiAccess='false'" /manifest:embed /DEBUG /PDB:"F:\Google\Jams\Code Jam Beta 2008\Random Route\Debug\Random Route.pdb" /SUBSYSTEM:CONSOLE /TLBID:1 /DYNAMICBASE /NXCOMPAT /IMPLIB:"F:\Google\Jams\Code Jam Beta 2008\Random Route\Debug\Random Route.lib" /MACHINE:X86 Debug\main.obj
         Debug\malcin.obj
         Random Route.vcxproj -> F:\Google\Jams\Code Jam Beta 2008\Random Route\Debug\Random Route.exe
       FinalizeBuildStatus:
         正在删除文件“Debug\Random Route.unsuccessfulbuild”。
         正在对“Debug\Random Route.lastbuildstate”执行 Touch 任务。
     1>已完成生成项目“F:\Google\Jams\Code Jam Beta 2008\Random Route\Random Route\Random Route.vcxproj”(Build 个目标)的操作。

生成成功。

已用时间 00:00:02.91
>>>>>>> 194f7f9854ba2b4239e312aded309268c3e9d1d4
