生成启动时间为 2016/7/16 9:30:53。
     1>项目“F:\Google\Hihocoder\problem1014\problem1014\problem1014.vcxproj”在节点 2 上(Build 个目标)。
     1>PrepareForBuild:
         正在创建目录“F:\Google\Hihocoder\problem1014\Debug\”。
       InitializeBuildStatus:
         正在创建“Debug\problem1014.unsuccessfulbuild”，因为已指定“AlwaysCreate”。
       ClCompile:
         C:\Program Files (x86)\Microsoft Visual Studio 11.0\VC\bin\CL.exe /c /ZI /nologo /W3 /WX- /Od /Oy- /D WIN32 /D _DEBUG /D _CONSOLE /D _UNICODE /D UNICODE /Gm /EHsc /RTC1 /MDd /GS /fp:precise /Zc:wchar_t /Zc:forScope /Fo"Debug\\" /Fd"Debug\vc110.pdb" /Gd /TP /analyze- /errorReport:prompt main.cpp
         main.cpp
     1>f:\google\hihocoder\problem1014\problem1014\main.cpp(56): warning C4018: “<”: 有符号/无符号不匹配
     1>f:\google\hihocoder\problem1014\problem1014\main.cpp(70): warning C4018: “<”: 有符号/无符号不匹配
     1>f:\google\hihocoder\problem1014\problem1014\main.cpp(77): warning C4018: “<”: 有符号/无符号不匹配
       Link:
         C:\Program Files (x86)\Microsoft Visual Studio 11.0\VC\bin\link.exe /ERRORREPORT:PROMPT /OUT:"F:\Google\Hihocoder\problem1014\Debug\problem1014.exe" /INCREMENTAL /NOLOGO kernel32.lib user32.lib gdi32.lib winspool.lib comdlg32.lib advapi32.lib shell32.lib ole32.lib oleaut32.lib uuid.lib odbc32.lib odbccp32.lib /MANIFEST /MANIFESTUAC:"level='asInvoker' uiAccess='false'" /manifest:embed /DEBUG /PDB:"F:\Google\Hihocoder\problem1014\Debug\problem1014.pdb" /SUBSYSTEM:CONSOLE /TLBID:1 /DYNAMICBASE /NXCOMPAT /IMPLIB:"F:\Google\Hihocoder\problem1014\Debug\problem1014.lib" /MACHINE:X86 Debug\main.obj
         problem1014.vcxproj -> F:\Google\Hihocoder\problem1014\Debug\problem1014.exe
       FinalizeBuildStatus:
         正在删除文件“Debug\problem1014.unsuccessfulbuild”。
         正在对“Debug\problem1014.lastbuildstate”执行 Touch 任务。
     1>已完成生成项目“F:\Google\Hihocoder\problem1014\problem1014\problem1014.vcxproj”(Build 个目标)的操作。

生成成功。

已用时间 00:00:02.92
