生成启动时间为 2015/10/12 17:06:09。
     1>项目“F:\leetcode\leetcode\leetcode_new\leetcode_new\leetcode_new.vcxproj”在节点 2 上(Build 个目标)。
     1>ClCompile:
         D:\Program Files (x86)\Microsoft Visual Studio 11.0\VC\bin\CL.exe /c /ZI /nologo /W3 /WX- /Od /Oy- /D WIN32 /D _DEBUG /D _CONSOLE /D _UNICODE /D UNICODE /Gm /EHsc /RTC1 /MDd /GS /fp:precise /Zc:wchar_t /Zc:forScope /Fo"Debug\\" /Fd"Debug\vc110.pdb" /Gd /TP /analyze- /errorReport:prompt expression_add_op_282.cpp find_duplicate_287.cpp first_bad_version_278.cpp game_of_life_289.cpp H_Index_274.cpp main.cpp move_zeros_283.cpp peeking_iterator_284.cpp perfect_square_279.cpp word_pattern_290.cpp
         main.cpp
         H_Index_274.cpp
     1>f:\leetcode\leetcode\leetcode_new\leetcode_new\h_index_274.cpp(19): warning C4018: “<”: 有符号/无符号不匹配
         first_bad_version_278.cpp
         正在生成代码...
         正在跳过...(未检测到相关更改)
         word_pattern_290.cpp
         perfect_square_279.cpp
         peeking_iterator_284.cpp
         move_zeros_283.cpp
         game_of_life_289.cpp
         find_duplicate_287.cpp
         expression_add_op_282.cpp
       Link:
         D:\Program Files (x86)\Microsoft Visual Studio 11.0\VC\bin\link.exe /ERRORREPORT:PROMPT /OUT:"F:\leetcode\leetcode\leetcode_new\Debug\leetcode_new.exe" /INCREMENTAL /NOLOGO kernel32.lib user32.lib gdi32.lib winspool.lib comdlg32.lib advapi32.lib shell32.lib ole32.lib oleaut32.lib uuid.lib odbc32.lib odbccp32.lib /MANIFEST /MANIFESTUAC:"level='asInvoker' uiAccess='false'" /manifest:embed /DEBUG /PDB:"F:\leetcode\leetcode\leetcode_new\Debug\leetcode_new.pdb" /SUBSYSTEM:CONSOLE /TLBID:1 /DYNAMICBASE /NXCOMPAT /IMPLIB:"F:\leetcode\leetcode\leetcode_new\Debug\leetcode_new.lib" /MACHINE:X86 Debug\expression_add_op_282.obj
         Debug\find_duplicate_287.obj
         Debug\first_bad_version_278.obj
         Debug\game_of_life_289.obj
         Debug\H_Index_274.obj
         Debug\main.obj
         Debug\move_zeros_283.obj
         Debug\peeking_iterator_284.obj
         Debug\perfect_square_279.obj
         Debug\word_pattern_290.obj
         leetcode_new.vcxproj -> F:\leetcode\leetcode\leetcode_new\Debug\leetcode_new.exe
     1>已完成生成项目“F:\leetcode\leetcode\leetcode_new\leetcode_new\leetcode_new.vcxproj”(Build 个目标)的操作。

生成成功。

已用时间 00:00:01.95
