生成启动时间为 2015/10/11 22:36:54。
     1>项目“F:\Google\leetcode\leetcode\leetcode\leetcode.vcxproj”在节点 2 上(Build 个目标)。
     1>InitializeBuildStatus:
         正在创建“Debug\leetcode.unsuccessfulbuild”，因为已指定“AlwaysCreate”。
       ClCompile:
         C:\Program Files (x86)\Microsoft Visual Studio 11.0\VC\bin\CL.exe /c /ZI /nologo /W3 /WX- /Od /Oy- /D WIN32 /D _DEBUG /D _CONSOLE /D _UNICODE /D UNICODE /Gm /EHsc /RTC1 /MDd /GS /fp:precise /Zc:wchar_t /Zc:forScope /Fo"Debug\\" /Fd"Debug\vc110.pdb" /Gd /TP /analyze- /errorReport:prompt find_duplicate_287.cpp game_of_life_289.cpp main.cpp word_pattern_290.cpp
         main.cpp
         game_of_life_289.cpp
         正在生成代码...
         正在跳过...(未检测到相关更改)
         word_pattern_290.cpp
         find_duplicate_287.cpp
       Link:
         C:\Program Files (x86)\Microsoft Visual Studio 11.0\VC\bin\link.exe /ERRORREPORT:PROMPT /OUT:"F:\Google\leetcode\leetcode\Debug\leetcode.exe" /INCREMENTAL /NOLOGO kernel32.lib user32.lib gdi32.lib winspool.lib comdlg32.lib advapi32.lib shell32.lib ole32.lib oleaut32.lib uuid.lib odbc32.lib odbccp32.lib /MANIFEST /MANIFESTUAC:"level='asInvoker' uiAccess='false'" /manifest:embed /DEBUG /PDB:"F:\Google\leetcode\leetcode\Debug\leetcode.pdb" /SUBSYSTEM:CONSOLE /TLBID:1 /DYNAMICBASE /NXCOMPAT /IMPLIB:"F:\Google\leetcode\leetcode\Debug\leetcode.lib" /MACHINE:X86 Debug\find_duplicate_287.obj
         Debug\game_of_life_289.obj
         Debug\main.obj
         Debug\word_pattern_290.obj
         leetcode.vcxproj -> F:\Google\leetcode\leetcode\Debug\leetcode.exe
       FinalizeBuildStatus:
         正在删除文件“Debug\leetcode.unsuccessfulbuild”。
         正在对“Debug\leetcode.lastbuildstate”执行 Touch 任务。
     1>已完成生成项目“F:\Google\leetcode\leetcode\leetcode\leetcode.vcxproj”(Build 个目标)的操作。

生成成功。

已用时间 00:00:03.41
